# JRE version: 7.0_11-b21
# Java VM: Java HotSpot(TM) 64-Bit Server VM (23.6-b04 mixed mode windows-amd64 compressed oops)
Heap
 PSYoungGen      total 48320K, used 46549K [0x00000000fa000000, 0x00000000fd1e0000, 0x0000000100000000)
  eden space 46976K, 97% used [0x00000000fa000000,0x00000000fccd8bb8,0x00000000fcde0000)
  from space 1344K, 46% used [0x00000000fd090000,0x00000000fd12cba0,0x00000000fd1e0000)
  to   space 2048K, 0% used [0x00000000fcde0000,0x00000000fcde0000,0x00000000fcfe0000)
 ParOldGen       total 95424K, used 54252K [0x00000000e8000000, 0x00000000edd30000, 0x00000000fa000000)
  object space 95424K, 56% used [0x00000000e8000000,0x00000000eb4fb2f0,0x00000000edd30000)
 PSPermGen       total 117696K, used 63011K [0x00000000e0000000, 0x00000000e72f0000, 0x00000000e8000000)
  object space 117696K, 53% used [0x00000000e0000000,0x00000000e3d88ff8,0x00000000e72f0000)
GC Heap History (10 events):
Event: 3671.943 GC heap before
{Heap before GC invocations=142 (full 2):
 PSYoungGen      total 35904K, used 34479K [0x00000000fa000000, 0x00000000fca00000, 0x0000000100000000)
  eden space 33536K, 100% used [0x00000000fa000000,0x00000000fc0c0000,0x00000000fc0c0000)
  from space 2368K, 39% used [0x00000000fc0c0000,0x00000000fc1abe20,0x00000000fc310000)
  to   space 2304K, 0% used [0x00000000fc7c0000,0x00000000fc7c0000,0x00000000fca00000)
 ParOldGen       total 95424K, used 52490K [0x00000000e8000000, 0x00000000edd30000, 0x00000000fa000000)
  object space 95424K, 55% used [0x00000000e8000000,0x00000000eb342948,0x00000000edd30000)
 PSPermGen       total 117696K, used 62889K [0x00000000e0000000, 0x00000000e72f0000, 0x00000000e8000000)
  object space 117696K, 53% used [0x00000000e0000000,0x00000000e3d6a7f8,0x00000000e72f0000)
Event: 3671.945 GC heap after
Heap after GC invocations=142 (full 2):
 PSYoungGen      total 40064K, used 452K [0x00000000fa000000, 0x00000000fc9a0000, 0x0000000100000000)
  eden space 38144K, 0% used [0x00000000fa000000,0x00000000fa000000,0x00000000fc540000)
  from space 1920K, 23% used [0x00000000fc7c0000,0x00000000fc831260,0x00000000fc9a0000)
  to   space 2240K, 0% used [0x00000000fc540000,0x00000000fc540000,0x00000000fc770000)
 ParOldGen       total 95424K, used 53045K [0x00000000e8000000, 0x00000000edd30000, 0x00000000fa000000)
  object space 95424K, 55% used [0x00000000e8000000,0x00000000eb3cd508,0x00000000edd30000)
 PSPermGen       total 117696K, used 62889K [0x00000000e0000000, 0x00000000e72f0000, 0x00000000e8000000)
  object space 117696K, 53% used [0x00000000e0000000,0x00000000e3d6a7f8,0x00000000e72f0000)
}
Event: 3672.122 GC heap before
{Heap before GC invocations=143 (full 2):
 PSYoungGen      total 40064K, used 38596K [0x00000000fa000000, 0x00000000fc9a0000, 0x0000000100000000)
  eden space 38144K, 100% used [0x00000000fa000000,0x00000000fc540000,0x00000000fc540000)
  from space 1920K, 23% used [0x00000000fc7c0000,0x00000000fc831260,0x00000000fc9a0000)
  to   space 2240K, 0% used [0x00000000fc540000,0x00000000fc540000,0x00000000fc770000)
 ParOldGen       total 95424K, used 53045K [0x00000000e8000000, 0x00000000edd30000, 0x00000000fa000000)
  object space 95424K, 55% used [0x00000000e8000000,0x00000000eb3cd508,0x00000000edd30000)
 PSPermGen       total 117696K, used 62898K [0x00000000e0000000, 0x00000000e72f0000, 0x00000000e8000000)
  object space 117696K, 53% used [0x00000000e0000000,0x00000000e3d6c950,0x00000000e72f0000)
Event: 3672.124 GC heap after
Heap after GC invocations=143 (full 2):
 PSYoungGen      total 40384K, used 256K [0x00000000fa000000, 0x00000000fce80000, 0x0000000100000000)
  eden space 38144K, 0% used [0x00000000fa000000,0x00000000fa000000,0x00000000fc540000)
  from space 2240K, 11% used [0x00000000fc540000,0x00000000fc580000,0x00000000fc770000)
  to   space 2240K, 0% used [0x00000000fcc50000,0x00000000fcc50000,0x00000000fce80000)
 ParOldGen       total 95424K, used 53353K [0x00000000e8000000, 0x00000000edd30000, 0x00000000fa000000)
  object space 95424K, 55% used [0x00000000e8000000,0x00000000eb41a778,0x00000000edd30000)
 PSPermGen       total 117696K, used 62898K [0x00000000e0000000, 0x00000000e72f0000, 0x00000000e8000000)
  object space 117696K, 53% used [0x00000000e0000000,0x00000000e3d6c950,0x00000000e72f0000)
}
Event: 3672.339 GC heap before
{Heap before GC invocations=144 (full 2):
 PSYoungGen      total 40384K, used 38400K [0x00000000fa000000, 0x00000000fce80000, 0x0000000100000000)
  eden space 38144K, 100% used [0x00000000fa000000,0x00000000fc540000,0x00000000fc540000)
  from space 2240K, 11% used [0x00000000fc540000,0x00000000fc580000,0x00000000fc770000)
  to   space 2240K, 0% used [0x00000000fcc50000,0x00000000fcc50000,0x00000000fce80000)
 ParOldGen       total 95424K, used 53353K [0x00000000e8000000, 0x00000000edd30000, 0x00000000fa000000)
  object space 95424K, 55% used [0x00000000e8000000,0x00000000eb41a778,0x00000000edd30000)
 PSPermGen       total 117696K, used 62909K [0x00000000e0000000, 0x00000000e72f0000, 0x00000000e8000000)
  object space 117696K, 53% used [0x00000000e0000000,0x00000000e3d6f5b8,0x00000000e72f0000)
Event: 3672.341 GC heap after
Heap after GC invocations=144 (full 2):
 PSYoungGen      total 44736K, used 352K [0x00000000fa000000, 0x00000000fce20000, 0x0000000100000000)
  eden space 42880K, 0% used [0x00000000fa000000,0x00000000fa000000,0x00000000fc9e0000)
  from space 1856K, 18% used [0x00000000fcc50000,0x00000000fcca8000,0x00000000fce20000)
  to   space 2176K, 0% used [0x00000000fc9e0000,0x00000000fc9e0000,0x00000000fcc00000)
 ParOldGen       total 95424K, used 53513K [0x00000000e8000000, 0x00000000edd30000, 0x00000000fa000000)
  object space 95424K, 56% used [0x00000000e8000000,0x00000000eb442778,0x00000000edd30000)
 PSPermGen       total 117696K, used 62909K [0x00000000e0000000, 0x00000000e72f0000, 0x00000000e8000000)
  object space 117696K, 53% used [0x00000000e0000000,0x00000000e3d6f5b8,0x00000000e72f0000)
}
Event: 3684.523 GC heap before
{Heap before GC invocations=145 (full 2):
 PSYoungGen      total 44736K, used 43232K [0x00000000fa000000, 0x00000000fce20000, 0x0000000100000000)
  eden space 42880K, 100% used [0x00000000fa000000,0x00000000fc9e0000,0x00000000fc9e0000)
  from space 1856K, 18% used [0x00000000fcc50000,0x00000000fcca8000,0x00000000fce20000)
  to   space 2176K, 0% used [0x00000000fc9e0000,0x00000000fc9e0000,0x00000000fcc00000)
 ParOldGen       total 95424K, used 53513K [0x00000000e8000000, 0x00000000edd30000, 0x00000000fa000000)
  object space 95424K, 56% used [0x00000000e8000000,0x00000000eb442778,0x00000000edd30000)
 PSPermGen       total 117696K, used 62992K [0x00000000e0000000, 0x00000000e72f0000, 0x00000000e8000000)
  object space 117696K, 53% used [0x00000000e0000000,0x00000000e3d84308,0x00000000e72f0000)
Event: 3684.526 GC heap after
Heap after GC invocations=145 (full 2):
 PSYoungGen      total 45056K, used 1015K [0x00000000fa000000, 0x00000000fd2a0000, 0x0000000100000000)
  eden space 42880K, 0% used [0x00000000fa000000,0x00000000fa000000,0x00000000fc9e0000)
  from space 2176K, 46% used [0x00000000fc9e0000,0x00000000fcaddc20,0x00000000fcc00000)
  to   space 2112K, 0% used [0x00000000fd090000,0x00000000fd090000,0x00000000fd2a0000)
 ParOldGen       total 95424K, used 53697K [0x00000000e8000000, 0x00000000edd30000, 0x00000000fa000000)
  object space 95424K, 56% used [0x00000000e8000000,0x00000000eb470778,0x00000000edd30000)
 PSPermGen       total 117696K, used 62992K [0x00000000e0000000, 0x00000000e72f0000, 0x00000000e8000000)
  object space 117696K, 53% used [0x00000000e0000000,0x00000000e3d84308,0x00000000e72f0000)
}
Event: 3702.776 GC heap before
{Heap before GC invocations=146 (full 2):
 PSYoungGen      total 45056K, used 43895K [0x00000000fa000000, 0x00000000fd2a0000, 0x0000000100000000)
  eden space 42880K, 100% used [0x00000000fa000000,0x00000000fc9e0000,0x00000000fc9e0000)
  from space 2176K, 46% used [0x00000000fc9e0000,0x00000000fcaddc20,0x00000000fcc00000)
  to   space 2112K, 0% used [0x00000000fd090000,0x00000000fd090000,0x00000000fd2a0000)
 ParOldGen       total 95424K, used 53697K [0x00000000e8000000, 0x00000000edd30000, 0x00000000fa000000)
  object space 95424K, 56% used [0x00000000e8000000,0x00000000eb470778,0x00000000edd30000)
 PSPermGen       total 117696K, used 63001K [0x00000000e0000000, 0x00000000e72f0000, 0x00000000e8000000)
  object space 117696K, 53% used [0x00000000e0000000,0x00000000e3d86520,0x00000000e72f0000)
Event: 3702.778 GC heap after
Heap after GC invocations=146 (full 2):
 PSYoungGen      total 48320K, used 626K [0x00000000fa000000, 0x00000000fd1e0000, 0x0000000100000000)
  eden space 46976K, 0% used [0x00000000fa000000,0x00000000fa000000,0x00000000fcde0000)
  from space 1344K, 46% used [0x00000000fd090000,0x00000000fd12cba0,0x00000000fd1e0000)
  to   space 2048K, 0% used [0x00000000fcde0000,0x00000000fcde0000,0x00000000fcfe0000)
 ParOldGen       total 95424K, used 54252K [0x00000000e8000000, 0x00000000edd30000, 0x00000000fa000000)
  object space 95424K, 56% used [0x00000000e8000000,0x00000000eb4fb2f0,0x00000000edd30000)
 PSPermGen       total 117696K, used 63001K [0x00000000e0000000, 0x00000000e72f0000, 0x00000000e8000000)
  object space 117696K, 53% used [0x00000000e0000000,0x00000000e3d86520,0x00000000e72f0000)
}

